     1 00000000                                 ; haribote-ipl
     2 00000000                                 ; TAB=4
     3 00000000                                 
     4                                                  ORG 0x7c00            ; 指明程序的装载地址
     5 00007C00                                 
     6 00007C00                                 ; 以下的记述用于标准FAT12格式的软盘
     7 00007C00                                 
     8 00007C00 EB 4E                                   JMP entry
     9 00007C02 90                                      DB  0x90
    10 00007C03 48 41 52 49 42 4F 54 45                 DB  "HARIBOTE"      ; 启动区的名称可以是任意的字符串（8字节）
    11 00007C0B 0200                                    DW  512             ; 每个扇区（sector）的大小（必须为512字节）
    12 00007C0D 01                                      DB  1               ; 簇（cluster）的大小（必须为1个扇区）
    13 00007C0E 0001                                    DW  1               ; FAT的起始位置（一般从第一个扇区开始）
    14 00007C10 02                                      DB  2               ; FAT的个数（必须为2）
    15 00007C11 00E0                                    DW  224             ; 根目录的大小（一般设成224项）
    16 00007C13 0B40                                    DW  2880            ; 该磁盘的大小（必须是2880扇区）
    17 00007C15 F0                                      DB  0xf0            ; 磁盘的种类（必须是0xf0）
    18 00007C16 0009                                    DW  9               ; FAT的长度（必须是9扇区）
    19 00007C18 0012                                    DW  18              ; 1个磁道（track）有几个扇区（必须是18）
    20 00007C1A 0002                                    DW  2               ; 磁头数（必须是2）
    21 00007C1C 00000000                                DD  0               ; 不使用分区（必须是0）
    22 00007C20 00000B40                                DD  2880            ; 重写一次磁盘大小
    23 00007C24 00 00 29                                DB  0,0,0x29        ; 意义不明，固定
    24 00007C27 FFFFFFFF                                DD  0xffffffff      ; 可能是卷标号码
    25 00007C2B 48 41 52 49 42 4F 54 45 4F 53           DB  "HARIBOTEOS "   ; 磁盘的名称（11字节）
       00007C35 20 
    26 00007C36 46 41 54 31 32 20 20 20                 DB  "FAT12   "      ; 磁盘格式名称（8字节）
    27 00007C3E 00 00 00 00 00 00 00 00 00 00           RESB  18            ; 先空出18字节
       00007C48 00 00 00 00 00 00 00 00 
    28 00007C50                                 
    29 00007C50                                 ; 程序核心
    30 00007C50                                 
    31 00007C50                                 entry:
    32 00007C50 B8 0000                                 MOV   AX,0          ; 初始化寄存器
    33 00007C53 8E D0                                   MOV   SS,AX
    34 00007C55 BC 7C00                                 MOV   SP,0x7c00
    35 00007C58 8E D8                                   MOV   DS,AX
    36 00007C5A                                 
    37 00007C5A                                 ; 读磁盘
    38 00007C5A                                 
    39 00007C5A B8 0820                                 MOV   AX,0x0820
    40 00007C5D 8E C0                                   MOV   ES,AX
    41 00007C5F B5 00                                   MOV   CH,0          ; 柱面0
    42 00007C61 B6 00                                   MOV   DH,0          ; 磁头0
    43 00007C63 B1 02                                   MOV   CL,2          ; 扇区2
    44 00007C65                                 readloop:
    45 00007C65 BE 0000                                 MOV   SI,0          ; 记录失败次数的寄存器
    46 00007C68                                 retry:
    47 00007C68 B4 02                                   MOV   AH,0x02       ; AH=0X02 : 读盘
    48 00007C6A B0 01                                   MOV   AL,1          ; 1个扇区
    49 00007C6C BB 0000                                 MOV   BX,0
    50 00007C6F B2 00                                   MOV   DL,0x00       ; A驱动器
    51 00007C71 CD 13                                   INT   0x13          ; 调用磁盘BIOS
    52 00007C73 73 1F                                   JNC   fin           ; 没出错的话跳转到fin
    53 00007C75 83 C6 01                                ADD   SI,1          ; SI加1
    54 00007C78 83 FE 05                                CMP   SI,5          ; 将SI与5比较
    55 00007C7B 73 1A                                   JAE   error         ; SI >= 5 时，跳转到error
    56 00007C7D B4 00                                   MOV   AH,0x00
    57 00007C7F B2 00                                   MOV   DL,0x00       ; A驱动器
    58 00007C81 CD 13                                   INT   0x13          ; 重置驱动器
    59 00007C83 EB E3                                   JMP   retry
    60 00007C85                                 next:
    61 00007C85 8C C0                                   MOV   AX,ES         ; 把内存地址后移0x200
    62 00007C87 05 0020                                 ADD   AX,0x0020
    63 00007C8A 8E C0                                   MOV   ES,AX         ; 因为没有ADD ES,0x020指令，所以这里绕个弯
    64 00007C8C 80 C1 01                                ADD   CL,1          ; CL加1
    65 00007C8F 80 F9 12                                CMP   CL,18         ; 将CL与18比较
    66 00007C92 76 D1                                   JBE   readloop      ; 如果CL <= 18 跳转至readloop
    67 00007C94                                 
    68 00007C94                                 ; 读完磁盘，但是什么都不做
    69 00007C94                                 
    70 00007C94                                 fin:
    71 00007C94 F4                                      HLT                 ; 让CPU停止，等待指令
    72 00007C95 EB FD                                   JMP   fin           ; 无限循环
    73 00007C97                                 error:
    74 00007C97 BE 7CAC                                 MOV   SI,msg
    75 00007C9A                                 putloop:
    76 00007C9A 8A 04                                   MOV   AL,[SI]
    77 00007C9C 83 C6 01                                ADD   SI,1          ; 给SI加1
    78 00007C9F 3C 00                                   CMP   AL,0
    79 00007CA1 74 F1                                   JE    fin
    80 00007CA3 B4 0E                                   MOV   AH,0x0e       ; 显示一个文字
    81 00007CA5 BB 000F                                 MOV   BX,15         ; 指定字符颜色
    82 00007CA8 CD 10                                   INT   0x10          ; 调用显卡BIOS
    83 00007CAA EB EE                                   JMP   putloop
    84 00007CAC                                 
    85 00007CAC                                 msg:
    86 00007CAC 0A 0A                                   DB    0x0a, 0x0a    ; 换行两次
    87 00007CAE 6C 6F 61 64 20 65 72 72 6F 72           DB    "load error"
    88 00007CB8 0A                                      DB    0x0a          ; 换行
    89 00007CB9 00                                      DB    0
    90 00007CBA                                 
    91 00007CBA 00 00 00 00 00 00 00 00 00 00           RESB  0x7dfe-$      ; 填写0x00，直到0x7dfe
       00007CC4 00 00 00 00 00 00 00 00 00 00 
       00007CCE 00 00 00 00 00 00 00 00 00 00 
       00007CD8 00 00 00 00 00 00 00 00 00 00 
       00007CE2 00 00 00 00 00 00 00 00 00 00 
       00007CEC 00 00 00 00 00 00 00 00 00 00 
       00007CF6 00 00 00 00 00 00 00 00 00 00 
       00007D00 00 00 00 00 00 00 00 00 00 00 
       00007D0A 00 00 00 00 00 00 00 00 00 00 
       00007D14 00 00 00 00 00 00 00 00 00 00 
       00007D1E 00 00 00 00 00 00 00 00 00 00 
       00007D28 00 00 00 00 00 00 00 00 00 00 
       00007D32 00 00 00 00 00 00 00 00 00 00 
       00007D3C 00 00 00 00 00 00 00 00 00 00 
       00007D46 00 00 00 00 00 00 00 00 00 00 
       00007D50 00 00 00 00 00 00 00 00 00 00 
       00007D5A 00 00 00 00 00 00 00 00 00 00 
       00007D64 00 00 00 00 00 00 00 00 00 00 
       00007D6E 00 00 00 00 00 00 00 00 00 00 
       00007D78 00 00 00 00 00 00 00 00 00 00 
       00007D82 00 00 00 00 00 00 00 00 00 00 
       00007D8C 00 00 00 00 00 00 00 00 00 00 
       00007D96 00 00 00 00 00 00 00 00 00 00 
       00007DA0 00 00 00 00 00 00 00 00 00 00 
       00007DAA 00 00 00 00 00 00 00 00 00 00 
       00007DB4 00 00 00 00 00 00 00 00 00 00 
       00007DBE 00 00 00 00 00 00 00 00 00 00 
       00007DC8 00 00 00 00 00 00 00 00 00 00 
       00007DD2 00 00 00 00 00 00 00 00 00 00 
       00007DDC 00 00 00 00 00 00 00 00 00 00 
       00007DE6 00 00 00 00 00 00 00 00 00 00 
       00007DF0 00 00 00 00 00 00 00 00 00 00 
       00007DFA 00 00 00 00 
    92 00007DFE                                 
    93 00007DFE 55 AA                                   DB    0x55, 0xaa
